<?xml version="1.0" encoding="UTF-8"?>
<testng-results ignored="0" total="1" passed="1" failed="0" skipped="0">
  <reporter-output>
  </reporter-output>
  <suite started-at="2023-07-21T11:05:22 EDT" name="Default suite" finished-at="2023-07-21T11:05:43 EDT" duration-ms="20852">
    <groups>
    </groups>
    <test started-at="2023-07-21T11:05:22 EDT" name="Default test" finished-at="2023-07-21T11:05:43 EDT" duration-ms="20852">
      <class name="testCases.ExecuteTest">
        <test-method signature="testLogin()[pri:0, instance:testCases.ExecuteTest@37654521]" started-at="2023-07-21T11:05:23 EDT" name="testLogin" finished-at="2023-07-21T11:05:43 EDT" duration-ms="20743" status="PASS">
          <reporter-output>
          </reporter-output>
        </test-method> <!-- testLogin -->
      </class> <!-- testCases.ExecuteTest -->
    </test> <!-- Default test -->
  </suite> <!-- Default suite -->
</testng-results>
